2020-05-17 10:23:12,075 - elsapy.elsclient - INFO - Module loaded.
2020-05-17 10:23:13,637 - elsapy.elsentity - INFO - Module loaded.
2020-05-17 10:23:13,637 - elsapy.utils - INFO - Module loaded.
2020-05-17 10:23:13,637 - elsapy.elsprofile - INFO - Module loaded.
2020-05-17 10:23:13,641 - elsapy.elsdoc - INFO - Module loaded.
2020-05-17 10:23:13,641 - elsapy.elssearch - INFO - Module loaded.
2020-05-17 10:23:32,888 - elsapy.elsclient - INFO - Sending GET request to https://api.elsevier.com/content/search/scopus?query=au-id%286601972916%29
2020-05-17 10:23:34,738 - elsapy.utils - INFO - Converting prism:coverDate
2020-05-17 11:00:24,399 - elsapy.elsclient - INFO - Sending GET request to https://api.elsevier.com/content/search/scopus?query=au-id%286601972916%29
2020-05-17 11:00:26,453 - elsapy.utils - INFO - Converting prism:coverDate
2020-05-17 12:12:42,240 - elsapy.elsclient - INFO - Sending GET request to https://api.elsevier.com/content/search/scopus?query=au-id%286601972916%29
2020-05-17 12:12:44,025 - elsapy.utils - INFO - Converting prism:coverDate
2020-05-17 13:47:32,403 - elsapy.elsclient - INFO - Sending GET request to https://api.elsevier.com/content/search/scopus?query=au-id%2814035868000%29
2020-05-17 13:47:34,193 - elsapy.utils - INFO - Converting prism:coverDate
2020-05-17 13:47:59,809 - elsapy.elsclient - INFO - Sending GET request to https://api.elsevier.com/content/search/scopus?query=au-id%2814035868000%29
2020-05-17 13:48:01,071 - elsapy.utils - INFO - Converting prism:coverDate
2020-05-17 13:48:06,763 - elsapy.elsclient - INFO - Sending GET request to https://api.elsevier.com/content/search/scopus?query=au-id%2814035868000%29
2020-05-17 13:48:08,014 - elsapy.utils - INFO - Converting prism:coverDate
2020-05-17 13:49:46,387 - elsapy.elsclient - INFO - Sending GET request to https://api.elsevier.com/content/search/scopus?query=au-id%2814035868000%29
2020-05-17 13:49:47,750 - elsapy.utils - INFO - Converting prism:coverDate
2020-05-17 13:50:33,572 - elsapy.elsclient - INFO - Sending GET request to https://api.elsevier.com/content/search/scopus?query=au-id%2814035868000%29
2020-05-17 13:50:34,969 - elsapy.utils - INFO - Converting prism:coverDate
2020-05-17 13:50:35,965 - elsapy.elsclient - INFO - Sending GET request to https://api.elsevier.com/content/search/scopus?query=au-id%2855796305700%29
2020-05-17 13:50:37,494 - elsapy.utils - INFO - Converting prism:coverDate
2020-05-17 13:50:38,491 - elsapy.elsclient - INFO - Sending GET request to https://api.elsevier.com/content/search/scopus?query=au-id%2836976230600%29
2020-05-17 13:50:39,914 - elsapy.utils - INFO - Converting prism:coverDate
2020-05-17 13:50:40,907 - elsapy.elsclient - INFO - Sending GET request to https://api.elsevier.com/content/search/scopus?query=au-id%2817346700000%29
2020-05-17 13:50:42,244 - elsapy.utils - INFO - Converting prism:coverDate
2020-05-17 13:52:21,159 - elsapy.elsclient - INFO - Sending GET request to https://api.elsevier.com/content/search/scopus?query=au-id%2814035868000%29
2020-05-17 13:52:22,435 - elsapy.utils - INFO - Converting prism:coverDate
2020-05-17 13:52:23,427 - elsapy.elsclient - INFO - Sending GET request to https://api.elsevier.com/content/search/scopus?query=au-id%2855796305700%29
2020-05-17 13:52:24,755 - elsapy.utils - INFO - Converting prism:coverDate
2020-05-17 13:52:25,751 - elsapy.elsclient - INFO - Sending GET request to https://api.elsevier.com/content/search/scopus?query=au-id%2836976230600%29
2020-05-17 13:52:27,164 - elsapy.utils - INFO - Converting prism:coverDate
2020-05-17 13:52:28,162 - elsapy.elsclient - INFO - Sending GET request to https://api.elsevier.com/content/search/scopus?query=au-id%2817346700000%29
2020-05-17 13:52:29,546 - elsapy.utils - INFO - Converting prism:coverDate
2020-05-17 13:52:30,539 - elsapy.elsclient - INFO - Sending GET request to https://api.elsevier.com/content/search/scopus?query=au-id%2814064494500%29
2020-05-17 13:52:32,129 - elsapy.utils - INFO - Converting prism:coverDate
2020-05-17 13:52:33,126 - elsapy.elsclient - INFO - Sending GET request to https://api.elsevier.com/content/search/scopus?query=au-id%287404884451%29
2020-05-17 13:52:34,592 - elsapy.utils - INFO - Converting prism:coverDate
2020-05-17 13:52:35,590 - elsapy.elsclient - INFO - Sending GET request to https://api.elsevier.com/content/search/scopus?query=au-id%2853863750000%29
2020-05-17 13:52:36,885 - elsapy.utils - INFO - Converting prism:coverDate
2020-05-17 13:52:37,874 - elsapy.elsclient - INFO - Sending GET request to https://api.elsevier.com/content/search/scopus?query=au-id%2857202035467%29
2020-05-17 13:52:39,268 - elsapy.utils - INFO - Converting prism:coverDate
2020-05-17 13:52:40,256 - elsapy.elsclient - INFO - Sending GET request to https://api.elsevier.com/content/search/scopus?query=au-id%2857202928233%29
2020-05-17 13:52:41,508 - elsapy.utils - INFO - Converting prism:coverDate
2020-05-17 13:52:42,504 - elsapy.elsclient - INFO - Sending GET request to https://api.elsevier.com/content/search/scopus?query=au-id%2855286815100%29
2020-05-17 13:52:43,836 - elsapy.utils - INFO - Converting prism:coverDate
2020-05-17 13:52:44,833 - elsapy.elsclient - INFO - Sending GET request to https://api.elsevier.com/content/search/scopus?query=au-id%2857203486083%29
2020-05-17 13:52:46,099 - elsapy.utils - INFO - Converting prism:coverDate
2020-05-17 13:52:47,090 - elsapy.elsclient - INFO - Sending GET request to https://api.elsevier.com/content/search/scopus?query=au-id%287402624587%29
2020-05-17 13:52:48,588 - elsapy.utils - INFO - Converting prism:coverDate
2020-05-17 13:52:49,579 - elsapy.elsclient - INFO - Sending GET request to https://api.elsevier.com/content/search/scopus?query=au-id%2836611749600%29
2020-05-17 13:52:50,967 - elsapy.utils - INFO - Converting prism:coverDate
2020-05-17 13:54:32,897 - elsapy.elsclient - INFO - Sending GET request to https://api.elsevier.com/content/search/scopus?query=au-id%2814035868000%29
2020-05-17 13:54:34,190 - elsapy.utils - INFO - Converting prism:coverDate
2020-05-17 13:54:35,180 - elsapy.elsclient - INFO - Sending GET request to https://api.elsevier.com/content/search/scopus?query=au-id%2855796305700%29
2020-05-17 13:54:36,612 - elsapy.utils - INFO - Converting prism:coverDate
2020-05-17 13:55:48,878 - elsapy.elsclient - INFO - Sending GET request to https://api.elsevier.com/content/search/scopus?query=au-id%2814035868000%29
2020-05-17 13:55:50,164 - elsapy.utils - INFO - Converting prism:coverDate
2020-05-17 13:55:51,148 - elsapy.elsclient - INFO - Sending GET request to https://api.elsevier.com/content/search/scopus?query=au-id%2855796305700%29
2020-05-17 13:55:52,699 - elsapy.utils - INFO - Converting prism:coverDate
2020-05-17 13:55:53,693 - elsapy.elsclient - INFO - Sending GET request to https://api.elsevier.com/content/search/scopus?query=au-id%2836976230600%29
2020-05-17 13:55:55,317 - elsapy.utils - INFO - Converting prism:coverDate
2020-05-17 13:55:56,313 - elsapy.elsclient - INFO - Sending GET request to https://api.elsevier.com/content/search/scopus?query=au-id%2817346700000%29
2020-05-17 13:55:57,538 - elsapy.utils - INFO - Converting prism:coverDate
2020-05-17 13:55:58,525 - elsapy.elsclient - INFO - Sending GET request to https://api.elsevier.com/content/search/scopus?query=au-id%2814064494500%29
2020-05-17 13:55:59,948 - elsapy.utils - INFO - Converting prism:coverDate
2020-05-17 13:56:00,939 - elsapy.elsclient - INFO - Sending GET request to https://api.elsevier.com/content/search/scopus?query=au-id%287404884451%29
2020-05-17 13:56:02,480 - elsapy.utils - INFO - Converting prism:coverDate
2020-05-17 13:56:03,478 - elsapy.elsclient - INFO - Sending GET request to https://api.elsevier.com/content/search/scopus?query=au-id%2853863750000%29
2020-05-17 13:56:04,640 - elsapy.utils - INFO - Converting prism:coverDate
2020-05-17 13:56:05,638 - elsapy.elsclient - INFO - Sending GET request to https://api.elsevier.com/content/search/scopus?query=au-id%2857202035467%29
2020-05-17 13:56:06,995 - elsapy.utils - INFO - Converting prism:coverDate
2020-05-17 13:56:07,991 - elsapy.elsclient - INFO - Sending GET request to https://api.elsevier.com/content/search/scopus?query=au-id%2857202928233%29
2020-05-17 13:56:09,268 - elsapy.utils - INFO - Converting prism:coverDate
2020-05-17 13:56:10,255 - elsapy.elsclient - INFO - Sending GET request to https://api.elsevier.com/content/search/scopus?query=au-id%2855286815100%29
2020-05-17 13:56:11,361 - elsapy.utils - INFO - Converting prism:coverDate
2020-05-17 13:56:12,349 - elsapy.elsclient - INFO - Sending GET request to https://api.elsevier.com/content/search/scopus?query=au-id%2857203486083%29
2020-05-17 13:56:13,538 - elsapy.utils - INFO - Converting prism:coverDate
2020-05-17 13:56:14,537 - elsapy.elsclient - INFO - Sending GET request to https://api.elsevier.com/content/search/scopus?query=au-id%287402624587%29
2020-05-17 13:56:15,914 - elsapy.utils - INFO - Converting prism:coverDate
2020-05-17 13:56:16,901 - elsapy.elsclient - INFO - Sending GET request to https://api.elsevier.com/content/search/scopus?query=au-id%2836611749600%29
2020-05-17 13:56:18,516 - elsapy.utils - INFO - Converting prism:coverDate
