2020-05-16 14:16:56,618 - elsapy.elsclient - INFO - Module loaded.
2020-05-16 14:16:58,082 - elsapy.elsentity - INFO - Module loaded.
2020-05-16 14:16:58,085 - elsapy.utils - INFO - Module loaded.
2020-05-16 14:16:58,085 - elsapy.elsprofile - INFO - Module loaded.
2020-05-16 14:16:58,085 - elsapy.elsdoc - INFO - Module loaded.
2020-05-16 14:16:58,089 - elsapy.elssearch - INFO - Module loaded.
2020-05-16 14:17:22,005 - elsapy.elsclient - INFO - Sending GET request to https://api.elsevier.com/content/author/author_id/6601972916
2020-05-16 14:17:23,607 - elsapy.elsentity - INFO - Data loaded for https://api.elsevier.com/content/author/author_id/6601972916
2020-05-16 14:17:31,684 - elsapy.elsclient - INFO - Sending GET request to https://api.elsevier.com/content/author/author_id/6601972916
2020-05-16 14:17:32,938 - elsapy.elsentity - INFO - Data loaded for https://api.elsevier.com/content/author/author_id/6601972916
2020-05-16 14:17:38,180 - elsapy.elsclient - INFO - Sending GET request to https://api.elsevier.com/content/author/author_id/6601972916
2020-05-16 14:17:39,449 - elsapy.elsentity - INFO - Data loaded for https://api.elsevier.com/content/author/author_id/6601972916
2020-05-16 14:18:02,749 - elsapy.elsclient - INFO - Sending GET request to https://api.elsevier.com/content/author/author_id/6601972916
2020-05-16 14:18:03,944 - elsapy.elsentity - INFO - Data loaded for https://api.elsevier.com/content/author/author_id/6601972916
2020-05-16 14:18:33,035 - elsapy.elsclient - INFO - Sending GET request to https://api.elsevier.com/content/author/author_id/6601972916
2020-05-16 14:18:34,215 - elsapy.elsentity - INFO - Data loaded for https://api.elsevier.com/content/author/author_id/6601972916
2020-05-16 14:19:00,804 - elsapy.elsentity - WARNING - No data to write for https://api.elsevier.com/content/author/author_id/6601972916
2020-05-16 14:19:27,589 - elsapy.elsclient - INFO - Sending GET request to https://api.elsevier.com/content/author/author_id/6601972916
2020-05-16 14:19:28,863 - elsapy.elsentity - INFO - Data loaded for https://api.elsevier.com/content/author/author_id/6601972916
2020-05-16 14:19:28,875 - elsapy.elsentity - INFO - Wrote https://api.elsevier.com/content/author/author_id/6601972916 to file
