2020-05-22 04:00:05,128 - elsapy.elsclient - INFO - Module loaded.
2020-05-22 04:00:06,687 - elsapy.elsentity - INFO - Module loaded.
2020-05-22 04:00:06,687 - elsapy.utils - INFO - Module loaded.
2020-05-22 04:00:06,687 - elsapy.elsprofile - INFO - Module loaded.
2020-05-22 04:00:06,691 - elsapy.elsdoc - INFO - Module loaded.
2020-05-22 04:00:06,691 - elsapy.elssearch - INFO - Module loaded.
2020-05-22 04:00:11,941 - elsapy.elsclient - INFO - Sending GET request to https://api.elsevier.com/content/author/author_id/26024769800
2020-05-22 04:00:13,250 - elsapy.elsentity - INFO - Data loaded for https://api.elsevier.com/content/author/author_id/26024769800
2020-05-22 04:00:13,262 - elsapy.elsentity - INFO - Wrote https://api.elsevier.com/content/author/author_id/26024769800 to file
2020-05-22 04:00:16,515 - elsapy.elsclient - INFO - Sending GET request to https://api.elsevier.com/content/search/scopus?query=au-id%2826024769800%29
2020-05-22 04:00:17,997 - elsapy.utils - INFO - Converting prism:coverDate
2020-05-22 15:23:03,966 - elsapy.elsclient - INFO - Module loaded.
2020-05-22 15:23:05,453 - elsapy.elsentity - INFO - Module loaded.
2020-05-22 15:23:05,453 - elsapy.utils - INFO - Module loaded.
2020-05-22 15:23:05,453 - elsapy.elsprofile - INFO - Module loaded.
2020-05-22 15:23:05,453 - elsapy.elsdoc - INFO - Module loaded.
2020-05-22 15:23:05,453 - elsapy.elssearch - INFO - Module loaded.
2020-05-22 15:23:18,009 - elsapy.elsclient - INFO - Sending GET request to https://api.elsevier.com/content/author/author_id/35484493400
2020-05-22 15:23:19,127 - elsapy.elsentity - INFO - Data loaded for https://api.elsevier.com/content/author/author_id/35484493400
2020-05-22 15:23:19,127 - elsapy.elsentity - INFO - Wrote https://api.elsevier.com/content/author/author_id/35484493400 to file
2020-05-22 15:23:20,138 - elsapy.elsclient - INFO - Sending GET request to https://api.elsevier.com/content/search/scopus?query=au-id%2835484493400%29
2020-05-22 15:23:21,652 - elsapy.utils - INFO - Converting prism:coverDate
2020-05-22 15:28:03,601 - elsapy.elsclient - INFO - Sending GET request to https://api.elsevier.com/content/author/author_id/7005259095
2020-05-22 15:28:04,745 - elsapy.elsentity - INFO - Data loaded for https://api.elsevier.com/content/author/author_id/7005259095
2020-05-22 15:28:04,761 - elsapy.elsentity - INFO - Wrote https://api.elsevier.com/content/author/author_id/7005259095 to file
2020-05-22 15:28:05,746 - elsapy.elsclient - INFO - Sending GET request to https://api.elsevier.com/content/search/scopus?query=au-id%287005259095%29
2020-05-22 15:28:07,198 - elsapy.utils - INFO - Converting prism:coverDate
2020-05-22 15:30:58,391 - elsapy.elsclient - INFO - Sending GET request to https://api.elsevier.com/content/author/author_id/35484493400
2020-05-22 15:30:59,569 - elsapy.elsentity - INFO - Data loaded for https://api.elsevier.com/content/author/author_id/35484493400
2020-05-22 15:30:59,569 - elsapy.elsentity - INFO - Wrote https://api.elsevier.com/content/author/author_id/35484493400 to file
2020-05-22 15:31:01,032 - elsapy.elsclient - INFO - Sending GET request to https://api.elsevier.com/content/search/scopus?query=au-id%2835484493400%29
2020-05-22 15:31:02,453 - elsapy.utils - INFO - Converting prism:coverDate
